<?xml version="1.0" encoding="UTF-8"?>
<!-- Generated by org.testng.reporters.JUnitXMLReporter -->
<testsuite hostname="DESKTOP-0EHBFCG" ignored="0" name="Symphony Test" tests="2" failures="0" timestamp="25 May 2021 14:05:20 GMT" time="5.668" errors="0">
  <testcase name="@BeforeMethod setUp" time="3.525" classname="com.symphony.test.ProductNameTest">
    <failure type="org.openqa.selenium.SessionNotCreatedException" message="session not created: This version of ChromeDriver only supports Chrome version 88
Current browser version is 90.0.4430.212 with binary path C:\Program Files (x86)\Google\Chrome\Application\chrome.exe
Build info: version: &amp;apos;3.14.0&amp;apos;, revision: &amp;apos;aacccce0&amp;apos;, time: &amp;apos;2018-08-02T20:19:58.91Z&amp;apos;
System info: host: &amp;apos;DESKTOP-0EHBFCG&amp;apos;, ip: &amp;apos;192.168.1.100&amp;apos;, os.name: &amp;apos;Windows 10&amp;apos;, os.arch: &amp;apos;amd64&amp;apos;, os.version: &amp;apos;10.0&amp;apos;, java.version: &amp;apos;1.8.0_131&amp;apos;
Driver info: driver.version: ChromeDriver
remote stacktrace: Backtrace:
	GetHandleVerifier [0x00D4B963+483]
	GetHandleVerifier [0x00D4B941+449]
	GetHandleVerifier [0x010F3308+3832712]
	GetHandleVerifier [0x0110D69A+3940122]
	GetHandleVerifier [0x01109AFB+3924859]
	GetHandleVerifier [0x01107D9C+3917340]
	GetHandleVerifier [0x0112E7FE+4075646]
	GetHandleVerifier [0x0112E56C+4074988]
	GetHandleVerifier [0x0112B2EB+4062059]
	GetHandleVerifier [0x0110ED14+3945876]
	GetHandleVerifier [0x0110FBCE+3949646]
	GetHandleVerifier [0x0110FB59+3949529]
	Ordinal0 [0x00D0B5CC+46540]
	Ordinal0 [0x00D09F53+40787]
	Ordinal0 [0x00D09B12+39698]
	GetHandleVerifier [0x01011468+2907368]
	GetHandleVerifier [0x00E571EE+1096302]
	GetHandleVerifier [0x00E13E8D+821005]
	GetHandleVerifier [0x00E1396B+819691]
	GetHandleVerifier [0x00E13881+819457]
	GetHandleVerifier [0x00E3F463+998627]
	BaseThreadInitThunk [0x770BFA29+25]
	RtlGetAppContainerNamedObjectPath [0x77AA7A4E+286]
	RtlGetAppContainerNamedObjectPath [0x77AA7A1E+238]
">
      <![CDATA[org.openqa.selenium.SessionNotCreatedException: session not created: This version of ChromeDriver only supports Chrome version 88
Current browser version is 90.0.4430.212 with binary path C:\Program Files (x86)\Google\Chrome\Application\chrome.exe
Build info: version: '3.14.0', revision: 'aacccce0', time: '2018-08-02T20:19:58.91Z'
System info: host: 'DESKTOP-0EHBFCG', ip: '192.168.1.100', os.name: 'Windows 10', os.arch: 'amd64', os.version: '10.0', java.version: '1.8.0_131'
Driver info: driver.version: ChromeDriver
remote stacktrace: Backtrace:
	GetHandleVerifier [0x00D4B963+483]
	GetHandleVerifier [0x00D4B941+449]
	GetHandleVerifier [0x010F3308+3832712]
	GetHandleVerifier [0x0110D69A+3940122]
	GetHandleVerifier [0x01109AFB+3924859]
	GetHandleVerifier [0x01107D9C+3917340]
	GetHandleVerifier [0x0112E7FE+4075646]
	GetHandleVerifier [0x0112E56C+4074988]
	GetHandleVerifier [0x0112B2EB+4062059]
	GetHandleVerifier [0x0110ED14+3945876]
	GetHandleVerifier [0x0110FBCE+3949646]
	GetHandleVerifier [0x0110FB59+3949529]
	Ordinal0 [0x00D0B5CC+46540]
	Ordinal0 [0x00D09F53+40787]
	Ordinal0 [0x00D09B12+39698]
	GetHandleVerifier [0x01011468+2907368]
	GetHandleVerifier [0x00E571EE+1096302]
	GetHandleVerifier [0x00E13E8D+821005]
	GetHandleVerifier [0x00E1396B+819691]
	GetHandleVerifier [0x00E13881+819457]
	GetHandleVerifier [0x00E3F463+998627]
	BaseThreadInitThunk [0x770BFA29+25]
	RtlGetAppContainerNamedObjectPath [0x77AA7A4E+286]
	RtlGetAppContainerNamedObjectPath [0x77AA7A1E+238]

	at org.openqa.selenium.remote.W3CHandshakeResponse.lambda$new$0(W3CHandshakeResponse.java:57)
	at org.openqa.selenium.remote.W3CHandshakeResponse.lambda$getResponseFunction$2(W3CHandshakeResponse.java:104)
	at org.openqa.selenium.remote.ProtocolHandshake.lambda$createSession$0(ProtocolHandshake.java:122)
	at java.util.stream.ReferencePipeline$3$1.accept(ReferencePipeline.java:193)
	at java.util.Spliterators$ArraySpliterator.tryAdvance(Spliterators.java:958)
	at java.util.stream.ReferencePipeline.forEachWithCancel(ReferencePipeline.java:126)
	at java.util.stream.AbstractPipeline.copyIntoWithCancel(AbstractPipeline.java:498)
	at java.util.stream.AbstractPipeline.copyInto(AbstractPipeline.java:485)
	at java.util.stream.AbstractPipeline.wrapAndCopyInto(AbstractPipeline.java:471)
	at java.util.stream.FindOps$FindOp.evaluateSequential(FindOps.java:152)
	at java.util.stream.AbstractPipeline.evaluate(AbstractPipeline.java:234)
	at java.util.stream.ReferencePipeline.findFirst(ReferencePipeline.java:464)
	at org.openqa.selenium.remote.ProtocolHandshake.createSession(ProtocolHandshake.java:125)
	at org.openqa.selenium.remote.ProtocolHandshake.createSession(ProtocolHandshake.java:73)
	at org.openqa.selenium.remote.HttpCommandExecutor.execute(HttpCommandExecutor.java:136)
	at org.openqa.selenium.remote.service.DriverCommandExecutor.execute(DriverCommandExecutor.java:83)
	at org.openqa.selenium.remote.RemoteWebDriver.execute(RemoteWebDriver.java:548)
	at org.openqa.selenium.remote.RemoteWebDriver.startSession(RemoteWebDriver.java:212)
	at org.openqa.selenium.remote.RemoteWebDriver.<init>(RemoteWebDriver.java:130)
	at org.openqa.selenium.chrome.ChromeDriver.<init>(ChromeDriver.java:181)
	at org.openqa.selenium.chrome.ChromeDriver.<init>(ChromeDriver.java:168)
	at org.openqa.selenium.chrome.ChromeDriver.<init>(ChromeDriver.java:123)
	at com.symphony.base.TestBase.initialization(TestBase.java:47)
	at com.symphony.test.ProductNameTest.setUp(ProductNameTest.java:28)
... Removed 31 stack frames]]>
    </failure>
  </testcase> <!-- @BeforeMethod setUp -->
  <testcase name="@BeforeMethod setUp" time="2.067" classname="com.symphony.test.ProductPriceTest">
    <failure type="org.openqa.selenium.SessionNotCreatedException" message="session not created: This version of ChromeDriver only supports Chrome version 88
Current browser version is 90.0.4430.212 with binary path C:\Program Files (x86)\Google\Chrome\Application\chrome.exe
Build info: version: &amp;apos;3.14.0&amp;apos;, revision: &amp;apos;aacccce0&amp;apos;, time: &amp;apos;2018-08-02T20:19:58.91Z&amp;apos;
System info: host: &amp;apos;DESKTOP-0EHBFCG&amp;apos;, ip: &amp;apos;192.168.1.100&amp;apos;, os.name: &amp;apos;Windows 10&amp;apos;, os.arch: &amp;apos;amd64&amp;apos;, os.version: &amp;apos;10.0&amp;apos;, java.version: &amp;apos;1.8.0_131&amp;apos;
Driver info: driver.version: ChromeDriver
remote stacktrace: Backtrace:
	GetHandleVerifier [0x00D4B963+483]
	GetHandleVerifier [0x00D4B941+449]
	GetHandleVerifier [0x010F3308+3832712]
	GetHandleVerifier [0x0110D69A+3940122]
	GetHandleVerifier [0x01109AFB+3924859]
	GetHandleVerifier [0x01107D9C+3917340]
	GetHandleVerifier [0x0112E7FE+4075646]
	GetHandleVerifier [0x0112E56C+4074988]
	GetHandleVerifier [0x0112B2EB+4062059]
	GetHandleVerifier [0x0110ED14+3945876]
	GetHandleVerifier [0x0110FBCE+3949646]
	GetHandleVerifier [0x0110FB59+3949529]
	Ordinal0 [0x00D0B5CC+46540]
	Ordinal0 [0x00D09F53+40787]
	Ordinal0 [0x00D09B12+39698]
	GetHandleVerifier [0x01011468+2907368]
	GetHandleVerifier [0x00E571EE+1096302]
	GetHandleVerifier [0x00E13E8D+821005]
	GetHandleVerifier [0x00E1396B+819691]
	GetHandleVerifier [0x00E13881+819457]
	GetHandleVerifier [0x00E3F463+998627]
	BaseThreadInitThunk [0x770BFA29+25]
	RtlGetAppContainerNamedObjectPath [0x77AA7A4E+286]
	RtlGetAppContainerNamedObjectPath [0x77AA7A1E+238]
">
      <![CDATA[org.openqa.selenium.SessionNotCreatedException: session not created: This version of ChromeDriver only supports Chrome version 88
Current browser version is 90.0.4430.212 with binary path C:\Program Files (x86)\Google\Chrome\Application\chrome.exe
Build info: version: '3.14.0', revision: 'aacccce0', time: '2018-08-02T20:19:58.91Z'
System info: host: 'DESKTOP-0EHBFCG', ip: '192.168.1.100', os.name: 'Windows 10', os.arch: 'amd64', os.version: '10.0', java.version: '1.8.0_131'
Driver info: driver.version: ChromeDriver
remote stacktrace: Backtrace:
	GetHandleVerifier [0x00D4B963+483]
	GetHandleVerifier [0x00D4B941+449]
	GetHandleVerifier [0x010F3308+3832712]
	GetHandleVerifier [0x0110D69A+3940122]
	GetHandleVerifier [0x01109AFB+3924859]
	GetHandleVerifier [0x01107D9C+3917340]
	GetHandleVerifier [0x0112E7FE+4075646]
	GetHandleVerifier [0x0112E56C+4074988]
	GetHandleVerifier [0x0112B2EB+4062059]
	GetHandleVerifier [0x0110ED14+3945876]
	GetHandleVerifier [0x0110FBCE+3949646]
	GetHandleVerifier [0x0110FB59+3949529]
	Ordinal0 [0x00D0B5CC+46540]
	Ordinal0 [0x00D09F53+40787]
	Ordinal0 [0x00D09B12+39698]
	GetHandleVerifier [0x01011468+2907368]
	GetHandleVerifier [0x00E571EE+1096302]
	GetHandleVerifier [0x00E13E8D+821005]
	GetHandleVerifier [0x00E1396B+819691]
	GetHandleVerifier [0x00E13881+819457]
	GetHandleVerifier [0x00E3F463+998627]
	BaseThreadInitThunk [0x770BFA29+25]
	RtlGetAppContainerNamedObjectPath [0x77AA7A4E+286]
	RtlGetAppContainerNamedObjectPath [0x77AA7A1E+238]

	at org.openqa.selenium.remote.W3CHandshakeResponse.lambda$new$0(W3CHandshakeResponse.java:57)
	at org.openqa.selenium.remote.W3CHandshakeResponse.lambda$getResponseFunction$2(W3CHandshakeResponse.java:104)
	at org.openqa.selenium.remote.ProtocolHandshake.lambda$createSession$0(ProtocolHandshake.java:122)
	at java.util.stream.ReferencePipeline$3$1.accept(ReferencePipeline.java:193)
	at java.util.Spliterators$ArraySpliterator.tryAdvance(Spliterators.java:958)
	at java.util.stream.ReferencePipeline.forEachWithCancel(ReferencePipeline.java:126)
	at java.util.stream.AbstractPipeline.copyIntoWithCancel(AbstractPipeline.java:498)
	at java.util.stream.AbstractPipeline.copyInto(AbstractPipeline.java:485)
	at java.util.stream.AbstractPipeline.wrapAndCopyInto(AbstractPipeline.java:471)
	at java.util.stream.FindOps$FindOp.evaluateSequential(FindOps.java:152)
	at java.util.stream.AbstractPipeline.evaluate(AbstractPipeline.java:234)
	at java.util.stream.ReferencePipeline.findFirst(ReferencePipeline.java:464)
	at org.openqa.selenium.remote.ProtocolHandshake.createSession(ProtocolHandshake.java:125)
	at org.openqa.selenium.remote.ProtocolHandshake.createSession(ProtocolHandshake.java:73)
	at org.openqa.selenium.remote.HttpCommandExecutor.execute(HttpCommandExecutor.java:136)
	at org.openqa.selenium.remote.service.DriverCommandExecutor.execute(DriverCommandExecutor.java:83)
	at org.openqa.selenium.remote.RemoteWebDriver.execute(RemoteWebDriver.java:548)
	at org.openqa.selenium.remote.RemoteWebDriver.startSession(RemoteWebDriver.java:212)
	at org.openqa.selenium.remote.RemoteWebDriver.<init>(RemoteWebDriver.java:130)
	at org.openqa.selenium.chrome.ChromeDriver.<init>(ChromeDriver.java:181)
	at org.openqa.selenium.chrome.ChromeDriver.<init>(ChromeDriver.java:168)
	at org.openqa.selenium.chrome.ChromeDriver.<init>(ChromeDriver.java:123)
	at com.symphony.base.TestBase.initialization(TestBase.java:47)
	at com.symphony.test.ProductPriceTest.setUp(ProductPriceTest.java:24)
... Removed 31 stack frames]]>
    </failure>
  </testcase> <!-- @BeforeMethod setUp -->
  <testcase name="verifyProductName" time="0.001" classname="com.symphony.test.ProductNameTest">
    <skipped/>
  </testcase> <!-- verifyProductName -->
  <testcase name="verifyProductPrice" time="0.0" classname="com.symphony.test.ProductPriceTest">
    <skipped/>
  </testcase> <!-- verifyProductPrice -->
</testsuite> <!-- Symphony Test -->
