<!DOCTYPE html PUBLIC "-//W3C//DTD XHTML 1.1//EN" "http://www.w3.org/TR/xhtml11/DTD/xhtml11.dtd">
<html xmlns="http://www.w3.org/1999/xhtml"><head><title>TestNG Report</title><style type="text/css">table {margin-bottom:10px;border-collapse:collapse;empty-cells:show}th,td {border:1px solid #009;padding:.25em .5em}th {vertical-align:bottom}td {vertical-align:top}table a {font-weight:bold}.stripe td {background-color: #E6EBF9}.num {text-align:right}.passedodd td {background-color: #3F3}.passedeven td {background-color: #0A0}.skippedodd td {background-color: #DDD}.skippedeven td {background-color: #CCC}.failedodd td,.attn {background-color: #F33}.failedeven td,.stripe .attn {background-color: #D00}.stacktrace {white-space:pre;font-family:monospace}.totop {font-size:85%;text-align:center;border-bottom:2px solid #000}</style></head><body><table><tr><th>Test</th><th># Passed</th><th># Skipped</th><th># Failed</th><th>Time (ms)</th><th>Included Groups</th><th>Excluded Groups</th></tr><tr><th colspan="7">Symphony Test</th></tr><tr><td><a href="#t0">Symphony Test</a></td><td class="num">0</td><td class="num attn">2</td><td class="num">0</td><td class="num">5,668</td><td></td><td></td></tr></table><table id='summary'><thead><tr><th>Class</th><th>Method</th><th>Start</th><th>Time (ms)</th></tr></thead><tbody><tr><th colspan="4">Symphony Test</th></tr></tbody><tbody id="t0"><tr><th colspan="4">Symphony Test &#8212; failed (configuration methods)</th></tr><tr class="failedeven"><td rowspan="1">com.symphony.test.ProductNameTest</td><td><a href="#m0">setUp</a></td><td rowspan="1">1621951514569</td><td rowspan="1">3525</td></tr><tr class="failedodd"><td rowspan="1">com.symphony.test.ProductPriceTest</td><td><a href="#m1">setUp</a></td><td rowspan="1">1621951518122</td><td rowspan="1">2067</td></tr><tr><th colspan="4">Symphony Test &#8212; skipped</th></tr><tr class="skippedeven"><td rowspan="1">com.symphony.test.ProductNameTest</td><td><a href="#m2">verifyProductName</a></td><td rowspan="1">1621951518113</td><td rowspan="1">1</td></tr><tr class="skippedodd"><td rowspan="1">com.symphony.test.ProductPriceTest</td><td><a href="#m3">verifyProductPrice</a></td><td rowspan="1">1621951520201</td><td rowspan="1">0</td></tr></tbody></table><h2>Symphony Test</h2><h3 id="m0">com.symphony.test.ProductNameTest#setUp</h3><table class="result"><tr><th>Exception</th></tr><tr><td><div class="stacktrace">org.openqa.selenium.SessionNotCreatedException: session not created: This version of ChromeDriver only supports Chrome version 88
Current browser version is 90.0.4430.212 with binary path C:\Program Files (x86)\Google\Chrome\Application\chrome.exe
Build info: version: &apos;3.14.0&apos;, revision: &apos;aacccce0&apos;, time: &apos;2018-08-02T20:19:58.91Z&apos;
System info: host: &apos;DESKTOP-0EHBFCG&apos;, ip: &apos;192.168.1.100&apos;, os.name: &apos;Windows 10&apos;, os.arch: &apos;amd64&apos;, os.version: &apos;10.0&apos;, java.version: &apos;1.8.0_131&apos;
Driver info: driver.version: ChromeDriver
remote stacktrace: Backtrace:
	GetHandleVerifier [0x00D4B963+483]
	GetHandleVerifier [0x00D4B941+449]
	GetHandleVerifier [0x010F3308+3832712]
	GetHandleVerifier [0x0110D69A+3940122]
	GetHandleVerifier [0x01109AFB+3924859]
	GetHandleVerifier [0x01107D9C+3917340]
	GetHandleVerifier [0x0112E7FE+4075646]
	GetHandleVerifier [0x0112E56C+4074988]
	GetHandleVerifier [0x0112B2EB+4062059]
	GetHandleVerifier [0x0110ED14+3945876]
	GetHandleVerifier [0x0110FBCE+3949646]
	GetHandleVerifier [0x0110FB59+3949529]
	Ordinal0 [0x00D0B5CC+46540]
	Ordinal0 [0x00D09F53+40787]
	Ordinal0 [0x00D09B12+39698]
	GetHandleVerifier [0x01011468+2907368]
	GetHandleVerifier [0x00E571EE+1096302]
	GetHandleVerifier [0x00E13E8D+821005]
	GetHandleVerifier [0x00E1396B+819691]
	GetHandleVerifier [0x00E13881+819457]
	GetHandleVerifier [0x00E3F463+998627]
	BaseThreadInitThunk [0x770BFA29+25]
	RtlGetAppContainerNamedObjectPath [0x77AA7A4E+286]
	RtlGetAppContainerNamedObjectPath [0x77AA7A1E+238]

	at org.openqa.selenium.remote.W3CHandshakeResponse.lambda$new$0(W3CHandshakeResponse.java:57)
	at org.openqa.selenium.remote.W3CHandshakeResponse.lambda$getResponseFunction$2(W3CHandshakeResponse.java:104)
	at org.openqa.selenium.remote.ProtocolHandshake.lambda$createSession$0(ProtocolHandshake.java:122)
	at java.util.stream.ReferencePipeline$3$1.accept(ReferencePipeline.java:193)
	at java.util.Spliterators$ArraySpliterator.tryAdvance(Spliterators.java:958)
	at java.util.stream.ReferencePipeline.forEachWithCancel(ReferencePipeline.java:126)
	at java.util.stream.AbstractPipeline.copyIntoWithCancel(AbstractPipeline.java:498)
	at java.util.stream.AbstractPipeline.copyInto(AbstractPipeline.java:485)
	at java.util.stream.AbstractPipeline.wrapAndCopyInto(AbstractPipeline.java:471)
	at java.util.stream.FindOps$FindOp.evaluateSequential(FindOps.java:152)
	at java.util.stream.AbstractPipeline.evaluate(AbstractPipeline.java:234)
	at java.util.stream.ReferencePipeline.findFirst(ReferencePipeline.java:464)
	at org.openqa.selenium.remote.ProtocolHandshake.createSession(ProtocolHandshake.java:125)
	at org.openqa.selenium.remote.ProtocolHandshake.createSession(ProtocolHandshake.java:73)
	at org.openqa.selenium.remote.HttpCommandExecutor.execute(HttpCommandExecutor.java:136)
	at org.openqa.selenium.remote.service.DriverCommandExecutor.execute(DriverCommandExecutor.java:83)
	at org.openqa.selenium.remote.RemoteWebDriver.execute(RemoteWebDriver.java:548)
	at org.openqa.selenium.remote.RemoteWebDriver.startSession(RemoteWebDriver.java:212)
	at org.openqa.selenium.remote.RemoteWebDriver.&lt;init&gt;(RemoteWebDriver.java:130)
	at org.openqa.selenium.chrome.ChromeDriver.&lt;init&gt;(ChromeDriver.java:181)
	at org.openqa.selenium.chrome.ChromeDriver.&lt;init&gt;(ChromeDriver.java:168)
	at org.openqa.selenium.chrome.ChromeDriver.&lt;init&gt;(ChromeDriver.java:123)
	at com.symphony.base.TestBase.initialization(TestBase.java:47)
	at com.symphony.test.ProductNameTest.setUp(ProductNameTest.java:28)
... Removed 31 stack frames</div></td></tr></table><p class="totop"><a href="#summary">back to summary</a></p><h3 id="m1">com.symphony.test.ProductPriceTest#setUp</h3><table class="result"><tr><th>Exception</th></tr><tr><td><div class="stacktrace">org.openqa.selenium.SessionNotCreatedException: session not created: This version of ChromeDriver only supports Chrome version 88
Current browser version is 90.0.4430.212 with binary path C:\Program Files (x86)\Google\Chrome\Application\chrome.exe
Build info: version: &apos;3.14.0&apos;, revision: &apos;aacccce0&apos;, time: &apos;2018-08-02T20:19:58.91Z&apos;
System info: host: &apos;DESKTOP-0EHBFCG&apos;, ip: &apos;192.168.1.100&apos;, os.name: &apos;Windows 10&apos;, os.arch: &apos;amd64&apos;, os.version: &apos;10.0&apos;, java.version: &apos;1.8.0_131&apos;
Driver info: driver.version: ChromeDriver
remote stacktrace: Backtrace:
	GetHandleVerifier [0x00D4B963+483]
	GetHandleVerifier [0x00D4B941+449]
	GetHandleVerifier [0x010F3308+3832712]
	GetHandleVerifier [0x0110D69A+3940122]
	GetHandleVerifier [0x01109AFB+3924859]
	GetHandleVerifier [0x01107D9C+3917340]
	GetHandleVerifier [0x0112E7FE+4075646]
	GetHandleVerifier [0x0112E56C+4074988]
	GetHandleVerifier [0x0112B2EB+4062059]
	GetHandleVerifier [0x0110ED14+3945876]
	GetHandleVerifier [0x0110FBCE+3949646]
	GetHandleVerifier [0x0110FB59+3949529]
	Ordinal0 [0x00D0B5CC+46540]
	Ordinal0 [0x00D09F53+40787]
	Ordinal0 [0x00D09B12+39698]
	GetHandleVerifier [0x01011468+2907368]
	GetHandleVerifier [0x00E571EE+1096302]
	GetHandleVerifier [0x00E13E8D+821005]
	GetHandleVerifier [0x00E1396B+819691]
	GetHandleVerifier [0x00E13881+819457]
	GetHandleVerifier [0x00E3F463+998627]
	BaseThreadInitThunk [0x770BFA29+25]
	RtlGetAppContainerNamedObjectPath [0x77AA7A4E+286]
	RtlGetAppContainerNamedObjectPath [0x77AA7A1E+238]

	at org.openqa.selenium.remote.W3CHandshakeResponse.lambda$new$0(W3CHandshakeResponse.java:57)
	at org.openqa.selenium.remote.W3CHandshakeResponse.lambda$getResponseFunction$2(W3CHandshakeResponse.java:104)
	at org.openqa.selenium.remote.ProtocolHandshake.lambda$createSession$0(ProtocolHandshake.java:122)
	at java.util.stream.ReferencePipeline$3$1.accept(ReferencePipeline.java:193)
	at java.util.Spliterators$ArraySpliterator.tryAdvance(Spliterators.java:958)
	at java.util.stream.ReferencePipeline.forEachWithCancel(ReferencePipeline.java:126)
	at java.util.stream.AbstractPipeline.copyIntoWithCancel(AbstractPipeline.java:498)
	at java.util.stream.AbstractPipeline.copyInto(AbstractPipeline.java:485)
	at java.util.stream.AbstractPipeline.wrapAndCopyInto(AbstractPipeline.java:471)
	at java.util.stream.FindOps$FindOp.evaluateSequential(FindOps.java:152)
	at java.util.stream.AbstractPipeline.evaluate(AbstractPipeline.java:234)
	at java.util.stream.ReferencePipeline.findFirst(ReferencePipeline.java:464)
	at org.openqa.selenium.remote.ProtocolHandshake.createSession(ProtocolHandshake.java:125)
	at org.openqa.selenium.remote.ProtocolHandshake.createSession(ProtocolHandshake.java:73)
	at org.openqa.selenium.remote.HttpCommandExecutor.execute(HttpCommandExecutor.java:136)
	at org.openqa.selenium.remote.service.DriverCommandExecutor.execute(DriverCommandExecutor.java:83)
	at org.openqa.selenium.remote.RemoteWebDriver.execute(RemoteWebDriver.java:548)
	at org.openqa.selenium.remote.RemoteWebDriver.startSession(RemoteWebDriver.java:212)
	at org.openqa.selenium.remote.RemoteWebDriver.&lt;init&gt;(RemoteWebDriver.java:130)
	at org.openqa.selenium.chrome.ChromeDriver.&lt;init&gt;(ChromeDriver.java:181)
	at org.openqa.selenium.chrome.ChromeDriver.&lt;init&gt;(ChromeDriver.java:168)
	at org.openqa.selenium.chrome.ChromeDriver.&lt;init&gt;(ChromeDriver.java:123)
	at com.symphony.base.TestBase.initialization(TestBase.java:47)
	at com.symphony.test.ProductPriceTest.setUp(ProductPriceTest.java:24)
... Removed 31 stack frames</div></td></tr></table><p class="totop"><a href="#summary">back to summary</a></p><h3 id="m2">com.symphony.test.ProductNameTest#verifyProductName</h3><table class="result"><tr><th>Exception</th></tr><tr><td><div class="stacktrace">org.openqa.selenium.SessionNotCreatedException: session not created: This version of ChromeDriver only supports Chrome version 88
Current browser version is 90.0.4430.212 with binary path C:\Program Files (x86)\Google\Chrome\Application\chrome.exe
Build info: version: &apos;3.14.0&apos;, revision: &apos;aacccce0&apos;, time: &apos;2018-08-02T20:19:58.91Z&apos;
System info: host: &apos;DESKTOP-0EHBFCG&apos;, ip: &apos;192.168.1.100&apos;, os.name: &apos;Windows 10&apos;, os.arch: &apos;amd64&apos;, os.version: &apos;10.0&apos;, java.version: &apos;1.8.0_131&apos;
Driver info: driver.version: ChromeDriver
remote stacktrace: Backtrace:
	GetHandleVerifier [0x00D4B963+483]
	GetHandleVerifier [0x00D4B941+449]
	GetHandleVerifier [0x010F3308+3832712]
	GetHandleVerifier [0x0110D69A+3940122]
	GetHandleVerifier [0x01109AFB+3924859]
	GetHandleVerifier [0x01107D9C+3917340]
	GetHandleVerifier [0x0112E7FE+4075646]
	GetHandleVerifier [0x0112E56C+4074988]
	GetHandleVerifier [0x0112B2EB+4062059]
	GetHandleVerifier [0x0110ED14+3945876]
	GetHandleVerifier [0x0110FBCE+3949646]
	GetHandleVerifier [0x0110FB59+3949529]
	Ordinal0 [0x00D0B5CC+46540]
	Ordinal0 [0x00D09F53+40787]
	Ordinal0 [0x00D09B12+39698]
	GetHandleVerifier [0x01011468+2907368]
	GetHandleVerifier [0x00E571EE+1096302]
	GetHandleVerifier [0x00E13E8D+821005]
	GetHandleVerifier [0x00E1396B+819691]
	GetHandleVerifier [0x00E13881+819457]
	GetHandleVerifier [0x00E3F463+998627]
	BaseThreadInitThunk [0x770BFA29+25]
	RtlGetAppContainerNamedObjectPath [0x77AA7A4E+286]
	RtlGetAppContainerNamedObjectPath [0x77AA7A1E+238]

	at org.openqa.selenium.remote.W3CHandshakeResponse.lambda$new$0(W3CHandshakeResponse.java:57)
	at org.openqa.selenium.remote.W3CHandshakeResponse.lambda$getResponseFunction$2(W3CHandshakeResponse.java:104)
	at org.openqa.selenium.remote.ProtocolHandshake.lambda$createSession$0(ProtocolHandshake.java:122)
	at java.util.stream.ReferencePipeline$3$1.accept(ReferencePipeline.java:193)
	at java.util.Spliterators$ArraySpliterator.tryAdvance(Spliterators.java:958)
	at java.util.stream.ReferencePipeline.forEachWithCancel(ReferencePipeline.java:126)
	at java.util.stream.AbstractPipeline.copyIntoWithCancel(AbstractPipeline.java:498)
	at java.util.stream.AbstractPipeline.copyInto(AbstractPipeline.java:485)
	at java.util.stream.AbstractPipeline.wrapAndCopyInto(AbstractPipeline.java:471)
	at java.util.stream.FindOps$FindOp.evaluateSequential(FindOps.java:152)
	at java.util.stream.AbstractPipeline.evaluate(AbstractPipeline.java:234)
	at java.util.stream.ReferencePipeline.findFirst(ReferencePipeline.java:464)
	at org.openqa.selenium.remote.ProtocolHandshake.createSession(ProtocolHandshake.java:125)
	at org.openqa.selenium.remote.ProtocolHandshake.createSession(ProtocolHandshake.java:73)
	at org.openqa.selenium.remote.HttpCommandExecutor.execute(HttpCommandExecutor.java:136)
	at org.openqa.selenium.remote.service.DriverCommandExecutor.execute(DriverCommandExecutor.java:83)
	at org.openqa.selenium.remote.RemoteWebDriver.execute(RemoteWebDriver.java:548)
	at org.openqa.selenium.remote.RemoteWebDriver.startSession(RemoteWebDriver.java:212)
	at org.openqa.selenium.remote.RemoteWebDriver.&lt;init&gt;(RemoteWebDriver.java:130)
	at org.openqa.selenium.chrome.ChromeDriver.&lt;init&gt;(ChromeDriver.java:181)
	at org.openqa.selenium.chrome.ChromeDriver.&lt;init&gt;(ChromeDriver.java:168)
	at org.openqa.selenium.chrome.ChromeDriver.&lt;init&gt;(ChromeDriver.java:123)
	at com.symphony.base.TestBase.initialization(TestBase.java:47)
	at com.symphony.test.ProductNameTest.setUp(ProductNameTest.java:28)
... Removed 31 stack frames</div></td></tr></table><p class="totop"><a href="#summary">back to summary</a></p><h3 id="m3">com.symphony.test.ProductPriceTest#verifyProductPrice</h3><table class="result"><tr><th>Exception</th></tr><tr><td><div class="stacktrace">org.openqa.selenium.SessionNotCreatedException: session not created: This version of ChromeDriver only supports Chrome version 88
Current browser version is 90.0.4430.212 with binary path C:\Program Files (x86)\Google\Chrome\Application\chrome.exe
Build info: version: &apos;3.14.0&apos;, revision: &apos;aacccce0&apos;, time: &apos;2018-08-02T20:19:58.91Z&apos;
System info: host: &apos;DESKTOP-0EHBFCG&apos;, ip: &apos;192.168.1.100&apos;, os.name: &apos;Windows 10&apos;, os.arch: &apos;amd64&apos;, os.version: &apos;10.0&apos;, java.version: &apos;1.8.0_131&apos;
Driver info: driver.version: ChromeDriver
remote stacktrace: Backtrace:
	GetHandleVerifier [0x00D4B963+483]
	GetHandleVerifier [0x00D4B941+449]
	GetHandleVerifier [0x010F3308+3832712]
	GetHandleVerifier [0x0110D69A+3940122]
	GetHandleVerifier [0x01109AFB+3924859]
	GetHandleVerifier [0x01107D9C+3917340]
	GetHandleVerifier [0x0112E7FE+4075646]
	GetHandleVerifier [0x0112E56C+4074988]
	GetHandleVerifier [0x0112B2EB+4062059]
	GetHandleVerifier [0x0110ED14+3945876]
	GetHandleVerifier [0x0110FBCE+3949646]
	GetHandleVerifier [0x0110FB59+3949529]
	Ordinal0 [0x00D0B5CC+46540]
	Ordinal0 [0x00D09F53+40787]
	Ordinal0 [0x00D09B12+39698]
	GetHandleVerifier [0x01011468+2907368]
	GetHandleVerifier [0x00E571EE+1096302]
	GetHandleVerifier [0x00E13E8D+821005]
	GetHandleVerifier [0x00E1396B+819691]
	GetHandleVerifier [0x00E13881+819457]
	GetHandleVerifier [0x00E3F463+998627]
	BaseThreadInitThunk [0x770BFA29+25]
	RtlGetAppContainerNamedObjectPath [0x77AA7A4E+286]
	RtlGetAppContainerNamedObjectPath [0x77AA7A1E+238]

	at org.openqa.selenium.remote.W3CHandshakeResponse.lambda$new$0(W3CHandshakeResponse.java:57)
	at org.openqa.selenium.remote.W3CHandshakeResponse.lambda$getResponseFunction$2(W3CHandshakeResponse.java:104)
	at org.openqa.selenium.remote.ProtocolHandshake.lambda$createSession$0(ProtocolHandshake.java:122)
	at java.util.stream.ReferencePipeline$3$1.accept(ReferencePipeline.java:193)
	at java.util.Spliterators$ArraySpliterator.tryAdvance(Spliterators.java:958)
	at java.util.stream.ReferencePipeline.forEachWithCancel(ReferencePipeline.java:126)
	at java.util.stream.AbstractPipeline.copyIntoWithCancel(AbstractPipeline.java:498)
	at java.util.stream.AbstractPipeline.copyInto(AbstractPipeline.java:485)
	at java.util.stream.AbstractPipeline.wrapAndCopyInto(AbstractPipeline.java:471)
	at java.util.stream.FindOps$FindOp.evaluateSequential(FindOps.java:152)
	at java.util.stream.AbstractPipeline.evaluate(AbstractPipeline.java:234)
	at java.util.stream.ReferencePipeline.findFirst(ReferencePipeline.java:464)
	at org.openqa.selenium.remote.ProtocolHandshake.createSession(ProtocolHandshake.java:125)
	at org.openqa.selenium.remote.ProtocolHandshake.createSession(ProtocolHandshake.java:73)
	at org.openqa.selenium.remote.HttpCommandExecutor.execute(HttpCommandExecutor.java:136)
	at org.openqa.selenium.remote.service.DriverCommandExecutor.execute(DriverCommandExecutor.java:83)
	at org.openqa.selenium.remote.RemoteWebDriver.execute(RemoteWebDriver.java:548)
	at org.openqa.selenium.remote.RemoteWebDriver.startSession(RemoteWebDriver.java:212)
	at org.openqa.selenium.remote.RemoteWebDriver.&lt;init&gt;(RemoteWebDriver.java:130)
	at org.openqa.selenium.chrome.ChromeDriver.&lt;init&gt;(ChromeDriver.java:181)
	at org.openqa.selenium.chrome.ChromeDriver.&lt;init&gt;(ChromeDriver.java:168)
	at org.openqa.selenium.chrome.ChromeDriver.&lt;init&gt;(ChromeDriver.java:123)
	at com.symphony.base.TestBase.initialization(TestBase.java:47)
	at com.symphony.test.ProductPriceTest.setUp(ProductPriceTest.java:24)
... Removed 31 stack frames</div></td></tr></table><p class="totop"><a href="#summary">back to summary</a></p></body></html>