<?xml version="1.0" encoding="UTF-8"?>
<!-- Generated by org.testng.reporters.JUnitReportReporter -->
<testsuite skipped="1" hostname="DESKTOP-0EHBFCG" name="com.symphony.test.ProductNameTest" tests="2" failures="0" timestamp="25 May 2021 14:05:21 GMT" time="3.526" errors="1">
  <testcase name="setUp" time="3.525" classname="com.symphony.test.ProductNameTest">
    <error type="org.openqa.selenium.SessionNotCreatedException" message="session not created: This version of ChromeDriver only supports Chrome version 88
Current browser version is 90.0.4430.212 with binary path C:\Program Files (x86)\Google\Chrome\Application\chrome.exe
Build info: version: &#039;3.14.0&#039;, revision: &#039;aacccce0&#039;, time: &#039;2018-08-02T20:19:58.91Z&#039;
System info: host: &#039;DESKTOP-0EHBFCG&#039;, ip: &#039;192.168.1.100&#039;, os.name: &#039;Windows 10&#039;, os.arch: &#039;amd64&#039;, os.version: &#039;10.0&#039;, java.version: &#039;1.8.0_131&#039;
Driver info: driver.version: ChromeDriver
remote stacktrace: Backtrace:
	GetHandleVerifier [0x00D4B963+483]
	GetHandleVerifier [0x00D4B941+449]
	GetHandleVerifier [0x010F3308+3832712]
	GetHandleVerifier [0x0110D69A+3940122]
	GetHandleVerifier [0x01109AFB+3924859]
	GetHandleVerifier [0x01107D9C+3917340]
	GetHandleVerifier [0x0112E7FE+4075646]
	GetHandleVerifier [0x0112E56C+4074988]
	GetHandleVerifier [0x0112B2EB+4062059]
	GetHandleVerifier [0x0110ED14+3945876]
	GetHandleVerifier [0x0110FBCE+3949646]
	GetHandleVerifier [0x0110FB59+3949529]
	Ordinal0 [0x00D0B5CC+46540]
	Ordinal0 [0x00D09F53+40787]
	Ordinal0 [0x00D09B12+39698]
	GetHandleVerifier [0x01011468+2907368]
	GetHandleVerifier [0x00E571EE+1096302]
	GetHandleVerifier [0x00E13E8D+821005]
	GetHandleVerifier [0x00E1396B+819691]
	GetHandleVerifier [0x00E13881+819457]
	GetHandleVerifier [0x00E3F463+998627]
	BaseThreadInitThunk [0x770BFA29+25]
	RtlGetAppContainerNamedObjectPath [0x77AA7A4E+286]
	RtlGetAppContainerNamedObjectPath [0x77AA7A1E+238]
">
      <![CDATA[org.openqa.selenium.SessionNotCreatedException: session not created: This version of ChromeDriver only supports Chrome version 88
Current browser version is 90.0.4430.212 with binary path C:\Program Files (x86)\Google\Chrome\Application\chrome.exe
Build info: version: '3.14.0', revision: 'aacccce0', time: '2018-08-02T20:19:58.91Z'
System info: host: 'DESKTOP-0EHBFCG', ip: '192.168.1.100', os.name: 'Windows 10', os.arch: 'amd64', os.version: '10.0', java.version: '1.8.0_131'
Driver info: driver.version: ChromeDriver
remote stacktrace: Backtrace:
	GetHandleVerifier [0x00D4B963+483]
	GetHandleVerifier [0x00D4B941+449]
	GetHandleVerifier [0x010F3308+3832712]
	GetHandleVerifier [0x0110D69A+3940122]
	GetHandleVerifier [0x01109AFB+3924859]
	GetHandleVerifier [0x01107D9C+3917340]
	GetHandleVerifier [0x0112E7FE+4075646]
	GetHandleVerifier [0x0112E56C+4074988]
	GetHandleVerifier [0x0112B2EB+4062059]
	GetHandleVerifier [0x0110ED14+3945876]
	GetHandleVerifier [0x0110FBCE+3949646]
	GetHandleVerifier [0x0110FB59+3949529]
	Ordinal0 [0x00D0B5CC+46540]
	Ordinal0 [0x00D09F53+40787]
	Ordinal0 [0x00D09B12+39698]
	GetHandleVerifier [0x01011468+2907368]
	GetHandleVerifier [0x00E571EE+1096302]
	GetHandleVerifier [0x00E13E8D+821005]
	GetHandleVerifier [0x00E1396B+819691]
	GetHandleVerifier [0x00E13881+819457]
	GetHandleVerifier [0x00E3F463+998627]
	BaseThreadInitThunk [0x770BFA29+25]
	RtlGetAppContainerNamedObjectPath [0x77AA7A4E+286]
	RtlGetAppContainerNamedObjectPath [0x77AA7A1E+238]

	at sun.reflect.NativeConstructorAccessorImpl.newInstance0(Native Method)
	at sun.reflect.NativeConstructorAccessorImpl.newInstance(NativeConstructorAccessorImpl.java:62)
	at sun.reflect.DelegatingConstructorAccessorImpl.newInstance(DelegatingConstructorAccessorImpl.java:45)
	at java.lang.reflect.Constructor.newInstance(Constructor.java:423)
	at org.openqa.selenium.remote.W3CHandshakeResponse.lambda$new$0(W3CHandshakeResponse.java:57)
	at org.openqa.selenium.remote.W3CHandshakeResponse.lambda$getResponseFunction$2(W3CHandshakeResponse.java:104)
	at org.openqa.selenium.remote.ProtocolHandshake.lambda$createSession$0(ProtocolHandshake.java:122)
	at java.util.stream.ReferencePipeline$3$1.accept(ReferencePipeline.java:193)
	at java.util.Spliterators$ArraySpliterator.tryAdvance(Spliterators.java:958)
	at java.util.stream.ReferencePipeline.forEachWithCancel(ReferencePipeline.java:126)
	at java.util.stream.AbstractPipeline.copyIntoWithCancel(AbstractPipeline.java:498)
	at java.util.stream.AbstractPipeline.copyInto(AbstractPipeline.java:485)
	at java.util.stream.AbstractPipeline.wrapAndCopyInto(AbstractPipeline.java:471)
	at java.util.stream.FindOps$FindOp.evaluateSequential(FindOps.java:152)
	at java.util.stream.AbstractPipeline.evaluate(AbstractPipeline.java:234)
	at java.util.stream.ReferencePipeline.findFirst(ReferencePipeline.java:464)
	at org.openqa.selenium.remote.ProtocolHandshake.createSession(ProtocolHandshake.java:125)
	at org.openqa.selenium.remote.ProtocolHandshake.createSession(ProtocolHandshake.java:73)
	at org.openqa.selenium.remote.HttpCommandExecutor.execute(HttpCommandExecutor.java:136)
	at org.openqa.selenium.remote.service.DriverCommandExecutor.execute(DriverCommandExecutor.java:83)
	at org.openqa.selenium.remote.RemoteWebDriver.execute(RemoteWebDriver.java:548)
	at org.openqa.selenium.remote.RemoteWebDriver.startSession(RemoteWebDriver.java:212)
	at org.openqa.selenium.remote.RemoteWebDriver.<init>(RemoteWebDriver.java:130)
	at org.openqa.selenium.chrome.ChromeDriver.<init>(ChromeDriver.java:181)
	at org.openqa.selenium.chrome.ChromeDriver.<init>(ChromeDriver.java:168)
	at org.openqa.selenium.chrome.ChromeDriver.<init>(ChromeDriver.java:123)
	at com.symphony.base.TestBase.initialization(TestBase.java:47)
	at com.symphony.test.ProductNameTest.setUp(ProductNameTest.java:28)
	at sun.reflect.NativeMethodAccessorImpl.invoke0(Native Method)
	at sun.reflect.NativeMethodAccessorImpl.invoke(NativeMethodAccessorImpl.java:62)
	at sun.reflect.DelegatingMethodAccessorImpl.invoke(DelegatingMethodAccessorImpl.java:43)
	at java.lang.reflect.Method.invoke(Method.java:498)
	at org.testng.internal.MethodInvocationHelper.invokeMethod(MethodInvocationHelper.java:108)
	at org.testng.internal.Invoker.invokeConfigurationMethod(Invoker.java:523)
	at org.testng.internal.Invoker.invokeConfigurations(Invoker.java:224)
	at org.testng.internal.Invoker.invokeMethod(Invoker.java:599)
	at org.testng.internal.Invoker.invokeTestMethod(Invoker.java:869)
	at org.testng.internal.Invoker.invokeTestMethods(Invoker.java:1193)
	at org.testng.internal.TestMethodWorker.invokeTestMethods(TestMethodWorker.java:126)
	at org.testng.internal.TestMethodWorker.run(TestMethodWorker.java:109)
	at org.testng.TestRunner.privateRun(TestRunner.java:744)
	at org.testng.TestRunner.run(TestRunner.java:602)
	at org.testng.SuiteRunner.runTest(SuiteRunner.java:380)
	at org.testng.SuiteRunner.runSequentially(SuiteRunner.java:375)
	at org.testng.SuiteRunner.privateRun(SuiteRunner.java:340)
	at org.testng.SuiteRunner.run(SuiteRunner.java:289)
	at org.testng.SuiteRunnerWorker.runSuite(SuiteRunnerWorker.java:52)
	at org.testng.SuiteRunnerWorker.run(SuiteRunnerWorker.java:86)
	at org.testng.TestNG.runSuitesSequentially(TestNG.java:1301)
	at org.testng.TestNG.runSuitesLocally(TestNG.java:1226)
	at org.testng.TestNG.runSuites(TestNG.java:1144)
	at org.testng.TestNG.run(TestNG.java:1115)
	at org.testng.remote.AbstractRemoteTestNG.run(AbstractRemoteTestNG.java:115)
	at org.testng.remote.RemoteTestNG.initAndRun(RemoteTestNG.java:251)
	at org.testng.remote.RemoteTestNG.main(RemoteTestNG.java:77)
]]>
    </error>
  </testcase> <!-- setUp -->
  <testcase name="verifyProductName" time="0.001" classname="com.symphony.test.ProductNameTest">
    <skipped/>
  </testcase> <!-- verifyProductName -->
</testsuite> <!-- com.symphony.test.ProductNameTest -->
